<?xml version="1.0" encoding="UTF-8"?>
<testsuite xmlns:xsi="http://www.w3.org/2001/XMLSchema-instance" xsi:noNamespaceSchemaLocation="https://maven.apache.org/surefire/maven-surefire-plugin/xsd/surefire-test-report-3.0.xsd" version="3.0" name="it.pi.registro.registro.RegistroApplicationTests" time="10.585" tests="1" errors="0" skipped="0" failures="0">
  <properties>
[...]
</properties>
  <testcase name="contextLoads" classname="it.pi.registro.registro.RegistroApplicationTests" time="0.668">
    <system-out><![CDATA[11:59:58.716 [main] INFO org.springframework.test.context.support.AnnotationConfigContextLoaderUtils -- Could not detect default configuration classes for test class [it.pi.registro.registro.RegistroApplicationTests]: RegistroApplicationTests does not declare any static, non-private, non-final, nested classes annotated with @Configuration.
11:59:58.902 [main] INFO org.springframework.boot.test.context.SpringBootTestContextBootstrapper -- Found @SpringBootConfiguration it.pi.registro.registro.RegistroApplication for test class it.pi.registro.registro.RegistroApplicationTests

  .   ____          _            __ _ _
 /\\ / ___'_ __ _ _(_)_ __  __ _ \ \ \ \
( ( )\___ | '_ | '_| | '_ \/ _` | \ \ \ \
 \\/  ___)| |_)| | | | | || (_| |  ) ) ) )
  '  |____| .__|_| |_|_| |_\__, | / / / /
 =========|_|==============|___/=/_/_/_/
 :: Spring Boot ::                (v3.2.4)

2024-06-05T11:59:59.552+02:00  INFO 62325 --- [registro] [           main] i.p.r.registro.RegistroApplicationTests  : Starting RegistroApplicationTests using Java 17.0.8.1 with PID 62325 (started by root in /Users/riccardobartolotta/Desktop/registroMatteo-main)
2024-06-05T11:59:59.555+02:00  INFO 62325 --- [registro] [           main] i.p.r.registro.RegistroApplicationTests  : No active profile set, falling back to 1 default profile: "default"
2024-06-05T12:00:01.014+02:00  INFO 62325 --- [registro] [           main] .s.d.r.c.RepositoryConfigurationDelegate : Bootstrapping Spring Data JPA repositories in DEFAULT mode.
2024-06-05T12:00:01.274+02:00  INFO 62325 --- [registro] [           main] .s.d.r.c.RepositoryConfigurationDelegate : Finished Spring Data repository scanning in 249 ms. Found 12 JPA repository interfaces.
2024-06-05T12:00:02.113+02:00  INFO 62325 --- [registro] [           main] o.hibernate.jpa.internal.util.LogHelper  : HHH000204: Processing PersistenceUnitInfo [name: default]
2024-06-05T12:00:02.159+02:00  INFO 62325 --- [registro] [           main] org.hibernate.Version                    : HHH000412: Hibernate ORM core version 6.4.4.Final
2024-06-05T12:00:02.186+02:00  INFO 62325 --- [registro] [           main] o.h.c.internal.RegionFactoryInitiator    : HHH000026: Second-level cache disabled
2024-06-05T12:00:02.480+02:00  INFO 62325 --- [registro] [           main] o.s.o.j.p.SpringPersistenceUnitInfo      : No LoadTimeWeaver setup: ignoring JPA class transformer
2024-06-05T12:00:02.511+02:00  INFO 62325 --- [registro] [           main] com.zaxxer.hikari.HikariDataSource       : HikariPool-1 - Starting...
2024-06-05T12:00:02.874+02:00  INFO 62325 --- [registro] [           main] com.zaxxer.hikari.pool.HikariPool        : HikariPool-1 - Added connection com.mysql.cj.jdbc.ConnectionImpl@7f2c995b
2024-06-05T12:00:02.877+02:00  INFO 62325 --- [registro] [           main] com.zaxxer.hikari.HikariDataSource       : HikariPool-1 - Start completed.
2024-06-05T12:00:02.916+02:00  WARN 62325 --- [registro] [           main] org.hibernate.dialect.Dialect            : HHH000511: The 5.7.39 version for [org.hibernate.dialect.MySQLDialect] is no longer supported, hence certain features may not work properly. The minimum supported version is 8.0.0. Check the community dialects project for available legacy versions.
2024-06-05T12:00:02.927+02:00  WARN 62325 --- [registro] [           main] org.hibernate.orm.deprecation            : HHH90000025: MySQLDialect does not need to be specified explicitly using 'hibernate.dialect' (remove the property setting and it will be selected by default)
2024-06-05T12:00:04.770+02:00  INFO 62325 --- [registro] [           main] o.h.e.t.j.p.i.JtaPlatformInitiator       : HHH000489: No JTA platform available (set 'hibernate.transaction.jta.platform' to enable JTA platform integration)
2024-06-05T12:00:04.954+02:00  INFO 62325 --- [registro] [           main] j.LocalContainerEntityManagerFactoryBean : Initialized JPA EntityManagerFactory for persistence unit 'default'
2024-06-05T12:00:05.423+02:00  INFO 62325 --- [registro] [           main] o.s.d.j.r.query.QueryEnhancerFactory     : Hibernate is in classpath; If applicable, HQL parser will be used.
2024-06-05T12:00:07.532+02:00  WARN 62325 --- [registro] [           main] JpaBaseConfiguration$JpaWebConfiguration : spring.jpa.open-in-view is enabled by default. Therefore, database queries may be performed during view rendering. Explicitly configure spring.jpa.open-in-view to disable this warning
2024-06-05T12:00:08.339+02:00  INFO 62325 --- [registro] [           main] i.p.r.registro.RegistroApplicationTests  : Started RegistroApplicationTests in 9.273 seconds (process running for 10.709)
]]></system-out>
  </testcase>
</testsuite>